# JRE version: OpenJDK Runtime Environment (21.0.6) (build 21.0.6+-13391695-b895.109)
# Java VM: OpenJDK 64-Bit Server VM (21.0.6+-13391695-b895.109, mixed mode, tiered, compressed oops, compressed class ptrs, g1 gc, windows-amd64)
GC Precious Log:
 CardTable entry size: 512
 Card Set container configuration: InlinePtr #cards 5 size 8 Array Of Cards #cards 12 size 40 Howl #buckets 4 coarsen threshold 1843 Howl Bitmap #cards 512 size 80 coarsen threshold 460 Card regions per heap region 1 cards per card region 2048
 CPUs: 4 total, 4 available
 Memory: 11185M
 Large Page Support: Disabled
 NUMA Support: Disabled
 Compressed Oops: Enabled (32-bit)
 Heap Region Size: 1M
 Heap Min Capacity: 8M
 Heap Initial Capacity: 176M
 Heap Max Capacity: 2G
 Pre-touch: Disabled
 Parallel Workers: 4
 Concurrent Workers: 1
 Concurrent Refinement Workers: 4
 Periodic GC: Disabled
Heap:
 garbage-first heap   total 167936K, used 123200K [0x0000000080000000, 0x0000000100000000)
  region size 1024K, 12 young (12288K), 4 survivors (4096K)
 Metaspace       used 116622K, committed 118912K, reserved 1179648K
  class space    used 15896K, committed 17024K, reserved 1048576K
GC Heap History (20 events):
Event: 132.495 GC heap before
{Heap before GC invocations=50 (full 0):
 garbage-first heap   total 138240K, used 121782K [0x0000000080000000, 0x0000000100000000)
  region size 1024K, 41 young (41984K), 5 survivors (5120K)
 Metaspace       used 95039K, committed 97088K, reserved 1179648K
  class space    used 12711K, committed 13696K, reserved 1048576K
}
Event: 132.506 GC heap after
{Heap after GC invocations=51 (full 0):
 garbage-first heap   total 138240K, used 88602K [0x0000000080000000, 0x0000000100000000)
  region size 1024K, 6 young (6144K), 6 survivors (6144K)
 Metaspace       used 95039K, committed 97088K, reserved 1179648K
  class space    used 12711K, committed 13696K, reserved 1048576K
}
Event: 138.361 GC heap before
{Heap before GC invocations=52 (full 0):
 garbage-first heap   total 148480K, used 123418K [0x0000000080000000, 0x0000000100000000)
  region size 1024K, 40 young (40960K), 6 survivors (6144K)
 Metaspace       used 97749K, committed 99840K, reserved 1179648K
  class space    used 13092K, committed 14144K, reserved 1048576K
}
Event: 138.377 GC heap after
{Heap after GC invocations=53 (full 0):
 garbage-first heap   total 148480K, used 91136K [0x0000000080000000, 0x0000000100000000)
  region size 1024K, 2 young (2048K), 2 survivors (2048K)
 Metaspace       used 97749K, committed 99840K, reserved 1179648K
  class space    used 13092K, committed 14144K, reserved 1048576K
}
Event: 149.611 GC heap before
{Heap before GC invocations=53 (full 0):
 garbage-first heap   total 148480K, used 133120K [0x0000000080000000, 0x0000000100000000)
  region size 1024K, 43 young (44032K), 2 survivors (2048K)
 Metaspace       used 101053K, committed 103168K, reserved 1179648K
  class space    used 13654K, committed 14720K, reserved 1048576K
}
Event: 149.617 GC heap after
{Heap after GC invocations=54 (full 0):
 garbage-first heap   total 148480K, used 90530K [0x0000000080000000, 0x0000000100000000)
  region size 1024K, 3 young (3072K), 3 survivors (3072K)
 Metaspace       used 101053K, committed 103168K, reserved 1179648K
  class space    used 13654K, committed 14720K, reserved 1048576K
}
Event: 164.929 GC heap before
{Heap before GC invocations=54 (full 0):
 garbage-first heap   total 148480K, used 134562K [0x0000000080000000, 0x0000000100000000)
  region size 1024K, 46 young (47104K), 3 survivors (3072K)
 Metaspace       used 104232K, committed 106432K, reserved 1179648K
  class space    used 14127K, committed 15232K, reserved 1048576K
}
Event: 164.937 GC heap after
{Heap after GC invocations=55 (full 0):
 garbage-first heap   total 148480K, used 93023K [0x0000000080000000, 0x0000000100000000)
  region size 1024K, 5 young (5120K), 5 survivors (5120K)
 Metaspace       used 104232K, committed 106432K, reserved 1179648K
  class space    used 14127K, committed 15232K, reserved 1048576K
}
Event: 174.698 GC heap before
{Heap before GC invocations=56 (full 0):
 garbage-first heap   total 155648K, used 133983K [0x0000000080000000, 0x0000000100000000)
  region size 1024K, 45 young (46080K), 5 survivors (5120K)
 Metaspace       used 107055K, committed 109312K, reserved 1179648K
  class space    used 14564K, committed 15680K, reserved 1048576K
}
Event: 174.711 GC heap after
{Heap after GC invocations=57 (full 0):
 garbage-first heap   total 155648K, used 95092K [0x0000000080000000, 0x0000000100000000)
  region size 1024K, 5 young (5120K), 5 survivors (5120K)
 Metaspace       used 107055K, committed 109312K, reserved 1179648K
  class space    used 14564K, committed 15680K, reserved 1048576K
}
Event: 186.811 GC heap before
{Heap before GC invocations=57 (full 0):
 garbage-first heap   total 155648K, used 140148K [0x0000000080000000, 0x0000000100000000)
  region size 1024K, 49 young (50176K), 5 survivors (5120K)
 Metaspace       used 110528K, committed 112832K, reserved 1179648K
  class space    used 15104K, committed 16256K, reserved 1048576K
}
Event: 186.823 GC heap after
{Heap after GC invocations=58 (full 0):
 garbage-first heap   total 155648K, used 95479K [0x0000000080000000, 0x0000000100000000)
  region size 1024K, 4 young (4096K), 4 survivors (4096K)
 Metaspace       used 110528K, committed 112832K, reserved 1179648K
  class space    used 15104K, committed 16256K, reserved 1048576K
}
Event: 189.832 GC heap before
{Heap before GC invocations=58 (full 0):
 garbage-first heap   total 155648K, used 141559K [0x0000000080000000, 0x0000000100000000)
  region size 1024K, 49 young (50176K), 4 survivors (4096K)
 Metaspace       used 114175K, committed 116416K, reserved 1179648K
  class space    used 15561K, committed 16704K, reserved 1048576K
}
Event: 189.851 GC heap after
{Heap after GC invocations=59 (full 0):
 garbage-first heap   total 155648K, used 99134K [0x0000000080000000, 0x0000000100000000)
  region size 1024K, 6 young (6144K), 6 survivors (6144K)
 Metaspace       used 114175K, committed 116416K, reserved 1179648K
  class space    used 15561K, committed 16704K, reserved 1048576K
}
Event: 192.014 GC heap before
{Heap before GC invocations=60 (full 0):
 garbage-first heap   total 167936K, used 139070K [0x0000000080000000, 0x0000000100000000)
  region size 1024K, 45 young (46080K), 6 survivors (6144K)
 Metaspace       used 114339K, committed 116608K, reserved 1179648K
  class space    used 15575K, committed 16704K, reserved 1048576K
}
Event: 192.045 GC heap after
{Heap after GC invocations=61 (full 0):
 garbage-first heap   total 167936K, used 105472K [0x0000000080000000, 0x0000000100000000)
  region size 1024K, 6 young (6144K), 6 survivors (6144K)
 Metaspace       used 114339K, committed 116608K, reserved 1179648K
  class space    used 15575K, committed 16704K, reserved 1048576K
}
Event: 199.723 GC heap before
{Heap before GC invocations=61 (full 0):
 garbage-first heap   total 167936K, used 152576K [0x0000000080000000, 0x0000000100000000)
  region size 1024K, 52 young (53248K), 6 survivors (6144K)
 Metaspace       used 116616K, committed 118912K, reserved 1179648K
  class space    used 15895K, committed 17024K, reserved 1048576K
}
Event: 199.746 GC heap after
{Heap after GC invocations=62 (full 0):
 garbage-first heap   total 167936K, used 112640K [0x0000000080000000, 0x0000000100000000)
  region size 1024K, 7 young (7168K), 7 survivors (7168K)
 Metaspace       used 116616K, committed 118912K, reserved 1179648K
  class space    used 15895K, committed 17024K, reserved 1048576K
}
Event: 202.478 GC heap before
{Heap before GC invocations=62 (full 0):
 garbage-first heap   total 167936K, used 151552K [0x0000000080000000, 0x0000000100000000)
  region size 1024K, 45 young (46080K), 7 survivors (7168K)
 Metaspace       used 116620K, committed 118912K, reserved 1179648K
  class space    used 15895K, committed 17024K, reserved 1048576K
}
Event: 202.498 GC heap after
{Heap after GC invocations=63 (full 0):
 garbage-first heap   total 167936K, used 116032K [0x0000000080000000, 0x0000000100000000)
  region size 1024K, 4 young (4096K), 4 survivors (4096K)
 Metaspace       used 116620K, committed 118912K, reserved 1179648K
  class space    used 15895K, committed 17024K, reserved 1048576K
}

